<?xml version="1.0" encoding="UTF-8"?>
<!-- Generated by org.testng.reporters.JUnitXMLReporter -->
<testsuite ignored="0" hostname="DESKTOP-FSUGIBG" failures="4" tests="9" name="Test" time="96.943" errors="0" timestamp="2021-10-07T14:52:57 IST">
  <testcase classname="SelfLearning.Selenium.maven.Ebay_Advanced_Search_Sanity" name="category_options_in_ascending_order_test" time="0.874">
    <failure type="java.lang.AssertionError" message="Verify Category Items Sorted expected [true] but found [false]">
      <![CDATA[java.lang.AssertionError: Verify Category Items Sorted expected [true] but found [false]
at SelfLearning.Selenium.maven.Ebay_Advanced_Search_Sanity.category_options_in_ascending_order_test(Ebay_Advanced_Search_Sanity.java:65)
at java.base/java.util.ArrayList.forEach(ArrayList.java:1511)
... Removed 30 stack frames]]>
    </failure>
  </testcase> <!-- category_options_in_ascending_order_test -->
  <testcase classname="SelfLearning.Selenium.maven.Ebay_Advanced_Search_Sanity" name="empty_advanced_search_test" time="9.38">
    <failure type="java.lang.AssertionError" message="Verify URL of the new page expected [https://www.ebay.com/v/allcategories] but found [https://www.ebay.com/n/all-categories]">
      <![CDATA[java.lang.AssertionError: Verify URL of the new page expected [https://www.ebay.com/v/allcategories] but found [https://www.ebay.com/n/all-categories]
at SelfLearning.Selenium.maven.Ebay_Advanced_Search_Sanity.empty_advanced_search_test(Ebay_Advanced_Search_Sanity.java:48)
at java.base/java.util.ArrayList.forEach(ArrayList.java:1511)
... Removed 32 stack frames]]>
    </failure>
  </testcase> <!-- empty_advanced_search_test -->
  <testcase classname="SelfLearning.Selenium.maven.Demo_Test" name="test1" time="0.002"/>
  <testcase classname="SelfLearning.Selenium.maven.Demo_Test" name="test2" time="0.002"/>
  <testcase classname="SelfLearning.Selenium.maven.Demo_Test" name="test3" time="0.002"/>
  <testcase classname="SelfLearning.Selenium.maven.Demo_Test" name="test4" time="0.002"/>
  <testcase classname="SelfLearning.Selenium.maven.Demo_Test" name="test5" time="0.003"/>
  <testcase classname="SelfLearning.Selenium.maven.Ebay_Home_Sanity" name="empty_search_test" time="6.052">
    <failure type="java.lang.AssertionError" message="Verify URL of the new page expected [https://www.ebay.com/v/allcategories] but found [https://www.ebay.com/n/all-categories]">
      <![CDATA[java.lang.AssertionError: Verify URL of the new page expected [https://www.ebay.com/v/allcategories] but found [https://www.ebay.com/n/all-categories]
at SelfLearning.Selenium.maven.Ebay_Home_Sanity.empty_search_test(Ebay_Home_Sanity.java:67)
at java.base/java.util.ArrayList.forEach(ArrayList.java:1511)
... Removed 32 stack frames]]>
    </failure>
  </testcase> <!-- empty_search_test -->
  <testcase classname="SelfLearning.Selenium.maven.Ebay_Home_Sanity" name="empty_search_test_softassert" time="7.408">
    <failure type="java.lang.AssertionError" message="The following asserts failed:
	Verify URL of the new page expected [https://www.ebay.com/v/allcategories] but found [https://www.ebay.com/n/all-categories],
	Verify Title of the new page expected [All Categories - Browse and Discover more | eBay] but found [Shop by Category | eBay]">
      <![CDATA[java.lang.AssertionError: The following asserts failed:
Verify URL of the new page expected [https://www.ebay.com/v/allcategories] but found [https://www.ebay.com/n/all-categories],
Verify Title of the new page expected [All Categories - Browse and Discover more | eBay] but found [Shop by Category | eBay]
at SelfLearning.Selenium.maven.Ebay_Home_Sanity.empty_search_test_softassert(Ebay_Home_Sanity.java:92)
at java.base/java.util.ArrayList.forEach(ArrayList.java:1511)
... Removed 29 stack frames]]>
    </failure>
  </testcase> <!-- empty_search_test_softassert -->
</testsuite> <!-- Test -->
